Unity Editor version:    2021.3.11f1 (0a5ca18544bf)
Branch:                  2021.3/staging
Build type:              Release
Batch mode:              YES
macOS version:           Version 12.6 (Build 21G115)
Darwin version:          21.6.0
Architecture:            x86_64
Running under Rosetta:   YES
Available memory:        32768 MB
Using pre-set license
Pro License: YES

COMMAND LINE ARGUMENTS:
/Applications/Unity/Unity.app/Contents/MacOS/Unity
-adb2
-batchMode
-noUpm
-name
AssetImportWorker0
-projectPath
/Users/jyk/Development/repo/unity/genshin-movement-system
-logFile
Logs/AssetImportWorker0.log
-srvPort
54551
Successfully changed project path to: /Users/jyk/Development/repo/unity/genshin-movement-system
/Users/jyk/Development/repo/unity/genshin-movement-system
[UnityMemory] Configuration Parameters - Can be set up in boot.config
    "memorysetup-bucket-allocator-granularity=16"
    "memorysetup-bucket-allocator-bucket-count=8"
    "memorysetup-bucket-allocator-block-size=33554432"
    "memorysetup-bucket-allocator-block-count=8"
    "memorysetup-main-allocator-block-size=16777216"
    "memorysetup-thread-allocator-block-size=16777216"
    "memorysetup-gfx-main-allocator-block-size=16777216"
    "memorysetup-gfx-thread-allocator-block-size=16777216"
    "memorysetup-cache-allocator-block-size=4194304"
    "memorysetup-typetree-allocator-block-size=2097152"
    "memorysetup-profiler-bucket-allocator-granularity=16"
    "memorysetup-profiler-bucket-allocator-bucket-count=8"
    "memorysetup-profiler-bucket-allocator-block-size=33554432"
    "memorysetup-profiler-bucket-allocator-block-count=8"
    "memorysetup-profiler-allocator-block-size=16777216"
    "memorysetup-profiler-editor-allocator-block-size=1048576"
    "memorysetup-temp-allocator-size-main=16777216"
    "memorysetup-job-temp-allocator-block-size=2097152"
    "memorysetup-job-temp-allocator-block-size-background=1048576"
    "memorysetup-job-temp-allocator-reduction-small-platforms=262144"
    "memorysetup-temp-allocator-size-background-worker=32768"
    "memorysetup-temp-allocator-size-job-worker=262144"
    "memorysetup-temp-allocator-size-preload-manager=33554432"
    "memorysetup-temp-allocator-size-nav-mesh-worker=65536"
    "memorysetup-temp-allocator-size-audio-worker=65536"
    "memorysetup-temp-allocator-size-cloud-worker=32768"
    "memorysetup-temp-allocator-size-gi-baking-worker=262144"
    "memorysetup-temp-allocator-size-gfx=262144"
Refreshing native plugins compatible for Editor in 124.11 ms, found 2 plugins.
Preloading 0 native plugins for Editor in 0.00 ms.
Initialize engine version: 2021.3.11f1 (0a5ca18544bf)
[Subsystems] Discovering subsystems at path /Applications/Unity/Unity.app/Contents/Resources/UnitySubsystems
[Subsystems] Discovering subsystems at path /Users/jyk/Development/repo/unity/genshin-movement-system/Assets
GfxDevice: creating device client; threaded=0; jobified=0
 preferred device: Apple M1 Pro (high power)
Metal devices available: 1
0: Apple M1 Pro (high power)
Using device Apple M1 Pro (high power)
Initializing Metal device caps: Apple M1 Pro
Initialize mono
Mono path[0] = '/Applications/Unity/Unity.app/Contents/Managed'
Mono path[1] = '/Applications/Unity/Unity.app/Contents/MonoBleedingEdge/lib/mono/unityjit-macos'
Mono config path = '/Applications/Unity/Unity.app/Contents/MonoBleedingEdge/etc'
Using monoOptions --debugger-agent=transport=dt_socket,embedding=1,server=y,suspend=n,address=127.0.0.1:56142
Begin MonoManager ReloadAssembly
Registering precompiled unity dll's ...
Register platform support module: /Applications/Unity/PlaybackEngines/WebGLSupport/UnityEditor.WebGL.Extensions.dll
Register platform support module: /Applications/Unity/Unity.app/Contents/PlaybackEngines/MacStandaloneSupport/UnityEditor.OSXStandalone.Extensions.dll
Register platform support module: /Applications/Unity/PlaybackEngines/AndroidPlayer/UnityEditor.Android.Extensions.dll
Register platform support module: /Applications/Unity/PlaybackEngines/iOSSupport/UnityEditor.iOS.Extensions.dll
Register platform support module: /Applications/Unity/PlaybackEngines/WindowsStandaloneSupport/UnityEditor.WindowsStandalone.Extensions.dll
Registered in 0.005256 seconds.
Native extension for WindowsStandalone target not found
[usbmuxd] Start listen thread
[usbmuxd] Listen thread started
[usbmuxd] Send listen message
[usbmuxd] Attached: 23 d0e62d3d9b7a62afdf51502dbfcecf62ed8ae667
Native extension for iOS target not found
Native extension for Android target not found
Native extension for OSXStandalone target not found
Native extension for WebGL target not found
Refreshing native plugins compatible for Editor in 109.74 ms, found 2 plugins.
Preloading 0 native plugins for Editor in 0.00 ms.
Mono: successfully reloaded assembly
- Completed reload, in  1.796 seconds
Domain Reload Profiling:
	ReloadAssembly (1797ms)
		BeginReloadAssembly (173ms)
			ExecutionOrderSort (0ms)
			DisableScriptedObjects (0ms)
			BackupInstance (0ms)
			ReleaseScriptingObjects (0ms)
			CreateAndSetChildDomain (4ms)
		EndReloadAssembly (1355ms)
			LoadAssemblies (169ms)
			RebuildTransferFunctionScriptingTraits (1ms)
			SetupTypeCache (161ms)
			ReleaseScriptCaches (0ms)
			RebuildScriptCaches (39ms)
			SetupLoadedEditorAssemblies (986ms)
				LogAssemblyErrors (0ms)
				InitializePlatformSupportModulesInManaged (236ms)
				SetLoadedEditorAssemblies (1ms)
				RefreshPlugins (110ms)
				BeforeProcessingInitializeOnLoad (5ms)
				ProcessInitializeOnLoadAttributes (414ms)
				ProcessInitializeOnLoadMethodAttributes (219ms)
				AfterProcessingInitializeOnLoad (0ms)
				EditorAssembliesLoaded (1ms)
			ExecutionOrderSort2 (0ms)
			AwakeInstancesAfterBackupRestoration (0ms)
Platform modules already initialized, skipping
Registering precompiled user dll's ...
Registered in 0.001940 seconds.
Begin MonoManager ReloadAssembly
Symbol file LoadedFromMemory doesn't match image /Users/jyk/Development/repo/unity/genshin-movement-system/Library/PackageCache/com.unity.visualscripting@1.7.8/Editor/VisualScripting.Core/Dependencies/YamlDotNet/Unity.VisualScripting.YamlDotNet.dll
Symbol file LoadedFromMemory doesn't match image /Users/jyk/Development/repo/unity/genshin-movement-system/Library/PackageCache/com.unity.visualscripting@1.7.8/Editor/VisualScripting.Core/Dependencies/DotNetZip/Unity.VisualScripting.IonicZip.dll
Native extension for WindowsStandalone target not found
Native extension for iOS target not found
Native extension for Android target not found
Native extension for OSXStandalone target not found
Native extension for WebGL target not found
Refreshing native plugins compatible for Editor in 114.59 ms, found 2 plugins.
Preloading 0 native plugins for Editor in 0.00 ms.
Mono: successfully reloaded assembly
- Completed reload, in  3.199 seconds
Domain Reload Profiling:
	ReloadAssembly (3202ms)
		BeginReloadAssembly (286ms)
			ExecutionOrderSort (0ms)
			DisableScriptedObjects (43ms)
			BackupInstance (0ms)
			ReleaseScriptingObjects (0ms)
			CreateAndSetChildDomain (38ms)
		EndReloadAssembly (2595ms)
			LoadAssemblies (158ms)
			RebuildTransferFunctionScriptingTraits (0ms)
			SetupTypeCache (435ms)
			ReleaseScriptCaches (1ms)
			RebuildScriptCaches (80ms)
			SetupLoadedEditorAssemblies (1689ms)
				LogAssemblyErrors (0ms)
				InitializePlatformSupportModulesInManaged (79ms)
				SetLoadedEditorAssemblies (0ms)
				RefreshPlugins (115ms)
				BeforeProcessingInitializeOnLoad (144ms)
				ProcessInitializeOnLoadAttributes (1241ms)
				ProcessInitializeOnLoadMethodAttributes (109ms)
				AfterProcessingInitializeOnLoad (1ms)
				EditorAssembliesLoaded (0ms)
			ExecutionOrderSort2 (0ms)
			AwakeInstancesAfterBackupRestoration (12ms)
Platform modules already initialized, skipping
========================================================================
Worker process is ready to serve import requests
Launching external process: /Applications/Unity/Unity.app/Contents/Tools/UnityShaderCompiler
Launched and connected shader compiler UnityShaderCompiler after 0.10 seconds
Refreshing native plugins compatible for Editor in 0.69 ms, found 2 plugins.
Preloading 0 native plugins for Editor in 0.00 ms.
Unloading 3883 Unused Serialized files (Serialized files now loaded: 0)
Unloading 43 unused Assets / (169.1 KB). Loaded Objects now: 4342.
Memory consumption went from 259.1 MB to 258.9 MB.
Total: 4.714042 ms (FindLiveObjects: 0.337792 ms CreateObjectMapping: 0.121250 ms MarkObjects: 3.954916 ms  DeleteObjects: 0.297375 ms)

AssetImportParameters requested are different than current active one (requested -> active):
  custom:video-decoder-ogg-theora: a1e56fd34408186e4bbccfd4996cb3dc -> 
  custom:container-muxer-webm: aa71ff27fc2769a1b78a27578f13a17b -> 
  custom:container-demuxer-webm: 4f35f7cbe854078d1ac9338744f61a02 -> 
  custom:video-encoder-webm-vp8: eb34c28f22e8b96e1ab97ce403110664 -> 
  custom:framework-osx-AVFoundation: e770b220cccbd017edd2c1fefb359320 -> 
  custom:audio-encoder-webm-vorbis: bf7c407c2cedff20999df2af8eb42d56 -> 
  custom:container-demuxer-ogg: 62fdf1f143b41e24485cea50d1cbac27 -> 
  custom:video-decoder-webm-vp8: 9c59270c3fd7afecdb556c50c9e8de78 -> 
  custom:audio-decoder-ogg-vorbis: bf7c407c2cedff20999df2af8eb42d56 -> 
========================================================================
Received Import Request.
  Time since last request: 67146.292406 seconds.
  path: Assets/Models/Characters
  artifactKey: Guid(3ff40968d69d54a39b89f8a9f6c96353) Importer(815301076,1909f56bfc062723c751e8b465ee728b)
Start importing Assets/Models/Characters using Guid(3ff40968d69d54a39b89f8a9f6c96353) Importer(815301076,1909f56bfc062723c751e8b465ee728b)  -> (artifact id: 'c91e4cac0228162564aefe73e9079a18') in 0.010951 seconds 
========================================================================
Received Import Request.
  Time since last request: 6.257458 seconds.
  path: Assets/Models/Characters/Player
  artifactKey: Guid(dfe3ddbcb58704cd3a88c7de93de8fa2) Importer(815301076,1909f56bfc062723c751e8b465ee728b)
Start importing Assets/Models/Characters/Player using Guid(dfe3ddbcb58704cd3a88c7de93de8fa2) Importer(815301076,1909f56bfc062723c751e8b465ee728b)  -> (artifact id: '3403df8dfdf9a6d88cc35c2ffffa6e3b') in 0.001053 seconds 
========================================================================
Received Import Request.
  Time since last request: 8.589585 seconds.
  path: Assets/Models/Characters/Player/Y Bot.fbx
  artifactKey: Guid(e6faa87fe1dd1469ca72e32b819a2444) Importer(815301076,1909f56bfc062723c751e8b465ee728b)
Start importing Assets/Models/Characters/Player/Y Bot.fbx using Guid(e6faa87fe1dd1469ca72e32b819a2444) Importer(815301076,1909f56bfc062723c751e8b465ee728b)  -> (artifact id: '7ded30f826555c88633f8cc296c860be') in 1.296492 seconds 
========================================================================
Received Import Request.
  Time since last request: 8.607801 seconds.
  path: Assets/Models/Characters/Player/CharacterModel.fbx
  artifactKey: Guid(e6faa87fe1dd1469ca72e32b819a2444) Importer(815301076,1909f56bfc062723c751e8b465ee728b)
Start importing Assets/Models/Characters/Player/CharacterModel.fbx using Guid(e6faa87fe1dd1469ca72e32b819a2444) Importer(815301076,1909f56bfc062723c751e8b465ee728b)  -> (artifact id: '1a8ab7516d82dc796f308a0d5a3138c5') in 0.053436 seconds 
========================================================================
Received Import Request.
  Time since last request: 82.592590 seconds.
  path: Assets/Models/Characters/Player/Y Bot@Idle.fbx
  artifactKey: Guid(e5ff27db6b6bf457ca51c8915ea573c4) Importer(815301076,1909f56bfc062723c751e8b465ee728b)
Start importing Assets/Models/Characters/Player/Y Bot@Idle.fbx using Guid(e5ff27db6b6bf457ca51c8915ea573c4) Importer(815301076,1909f56bfc062723c751e8b465ee728b)  -> (artifact id: '50f69c797f3a3fedd424ec40efc9c0f9') in 0.062217 seconds 
========================================================================
Received Import Request.
  Time since last request: 11.437047 seconds.
  path: Assets/Models/Characters/Player/Idle.fbx
  artifactKey: Guid(e5ff27db6b6bf457ca51c8915ea573c4) Importer(815301076,1909f56bfc062723c751e8b465ee728b)
Start importing Assets/Models/Characters/Player/Idle.fbx using Guid(e5ff27db6b6bf457ca51c8915ea573c4) Importer(815301076,1909f56bfc062723c751e8b465ee728b)  -> (artifact id: '42176d3c0321206116be2014b75ed4f6') in 0.053229 seconds 
========================================================================
Received Import Request.
  Time since last request: 57.255932 seconds.
  path: Assets/Models/Characters/Player/Y Bot@Walking.fbx
  artifactKey: Guid(0d9f9e8d7deb2460ba428c38328c79a1) Importer(815301076,1909f56bfc062723c751e8b465ee728b)
Start importing Assets/Models/Characters/Player/Y Bot@Walking.fbx using Guid(0d9f9e8d7deb2460ba428c38328c79a1) Importer(815301076,1909f56bfc062723c751e8b465ee728b)  -> (artifact id: 'c3235669b7f84e2521280dfd41e591fe') in 0.055483 seconds 
========================================================================
Received Import Request.
  Time since last request: 7.427103 seconds.
  path: Assets/Models/Characters/Player/Walking.fbx
  artifactKey: Guid(0d9f9e8d7deb2460ba428c38328c79a1) Importer(815301076,1909f56bfc062723c751e8b465ee728b)
Start importing Assets/Models/Characters/Player/Walking.fbx using Guid(0d9f9e8d7deb2460ba428c38328c79a1) Importer(815301076,1909f56bfc062723c751e8b465ee728b)  -> (artifact id: 'bb195efe7961fd020aae413ba6fa234b') in 0.057309 seconds 
========================================================================
Received Import Request.
  Time since last request: 35.631535 seconds.
  path: Assets/Models/Characters/Player/Y Bot@Running.fbx
  artifactKey: Guid(28a3c0b0f31804ce4af007179f7873d8) Importer(815301076,1909f56bfc062723c751e8b465ee728b)
Start importing Assets/Models/Characters/Player/Y Bot@Running.fbx using Guid(28a3c0b0f31804ce4af007179f7873d8) Importer(815301076,1909f56bfc062723c751e8b465ee728b)  -> (artifact id: 'c7901d5f043796068dba8af46c00039b') in 0.054660 seconds 
========================================================================
Received Import Request.
  Time since last request: 3.396660 seconds.
  path: Assets/Models/Characters/Player/Running.fbx
  artifactKey: Guid(28a3c0b0f31804ce4af007179f7873d8) Importer(815301076,1909f56bfc062723c751e8b465ee728b)
Start importing Assets/Models/Characters/Player/Running.fbx using Guid(28a3c0b0f31804ce4af007179f7873d8) Importer(815301076,1909f56bfc062723c751e8b465ee728b)  -> (artifact id: '6b287c62a9f61e2044a8752fd9320901') in 0.056866 seconds 
========================================================================
Received Import Request.
  Time since last request: 136.937508 seconds.
  path: Assets/Models/Characters/Player/Y Bot@Idle To Sprint.fbx
  artifactKey: Guid(67ca2b4fd85474fbf9ba2d9e9a8f23e1) Importer(815301076,1909f56bfc062723c751e8b465ee728b)
Start importing Assets/Models/Characters/Player/Y Bot@Idle To Sprint.fbx using Guid(67ca2b4fd85474fbf9ba2d9e9a8f23e1) Importer(815301076,1909f56bfc062723c751e8b465ee728b)  -> (artifact id: '9df0c9b0d94b89384a7091cdae29e4f1') in 0.053250 seconds 
========================================================================
Received Import Request.
  Time since last request: 4.099700 seconds.
  path: Assets/Models/Characters/Player/IdleToSprint.fbx
  artifactKey: Guid(67ca2b4fd85474fbf9ba2d9e9a8f23e1) Importer(815301076,1909f56bfc062723c751e8b465ee728b)
Start importing Assets/Models/Characters/Player/IdleToSprint.fbx using Guid(67ca2b4fd85474fbf9ba2d9e9a8f23e1) Importer(815301076,1909f56bfc062723c751e8b465ee728b)  -> (artifact id: '4c7c3577b05c7187578d99b5d14a7e1d') in 0.056045 seconds 
========================================================================
Received Import Request.
  Time since last request: 4.120840 seconds.
  path: Assets/Models/Characters/Player/Y Bot@Run To Stop.fbx
  artifactKey: Guid(668c7953733cc46e88c1035c76d7eb53) Importer(815301076,1909f56bfc062723c751e8b465ee728b)
Start importing Assets/Models/Characters/Player/Y Bot@Run To Stop.fbx using Guid(668c7953733cc46e88c1035c76d7eb53) Importer(815301076,1909f56bfc062723c751e8b465ee728b)  -> (artifact id: 'f9367415a49e38f780646beac16fdfe5') in 0.058961 seconds 
========================================================================
Received Import Request.
  Time since last request: 3.237647 seconds.
  path: Assets/Models/Characters/Player/RunToStop.fbx
  artifactKey: Guid(668c7953733cc46e88c1035c76d7eb53) Importer(815301076,1909f56bfc062723c751e8b465ee728b)
Start importing Assets/Models/Characters/Player/RunToStop.fbx using Guid(668c7953733cc46e88c1035c76d7eb53) Importer(815301076,1909f56bfc062723c751e8b465ee728b)  -> (artifact id: 'dcea9ba3d019902e701e5dd4e00007fb') in 0.055071 seconds 
========================================================================
Received Import Request.
  Time since last request: 60.408427 seconds.
  path: Assets/Models/Characters/Player/Y Bot@Stop Walking.fbx
  artifactKey: Guid(671fd8a89341c4068b434890a67ab76c) Importer(815301076,1909f56bfc062723c751e8b465ee728b)
Start importing Assets/Models/Characters/Player/Y Bot@Stop Walking.fbx using Guid(671fd8a89341c4068b434890a67ab76c) Importer(815301076,1909f56bfc062723c751e8b465ee728b)  -> (artifact id: 'ec401ef3bacdc60ec19055f02a5e5538') in 0.054227 seconds 
========================================================================
Received Import Request.
  Time since last request: 4.590431 seconds.
  path: Assets/Models/Characters/Player/StopWalking.fbx
  artifactKey: Guid(671fd8a89341c4068b434890a67ab76c) Importer(815301076,1909f56bfc062723c751e8b465ee728b)
Start importing Assets/Models/Characters/Player/StopWalking.fbx using Guid(671fd8a89341c4068b434890a67ab76c) Importer(815301076,1909f56bfc062723c751e8b465ee728b)  -> (artifact id: 'ce6482b4a3d4d4c9976b7415b6edb7a7') in 0.052852 seconds 
========================================================================
Received Import Request.
  Time since last request: 365.755034 seconds.
  path: Assets/Models/Characters/Player/Falling To Landing.fbx
  artifactKey: Guid(80848de1bc2e9465dbb1124547f5ba3b) Importer(815301076,1909f56bfc062723c751e8b465ee728b)
Start importing Assets/Models/Characters/Player/Falling To Landing.fbx using Guid(80848de1bc2e9465dbb1124547f5ba3b) Importer(815301076,1909f56bfc062723c751e8b465ee728b)  -> (artifact id: 'b18e51d5b9d559505184bd3c6e92dfa4') in 0.055751 seconds 
========================================================================
Received Import Request.
  Time since last request: 10.911337 seconds.
  path: Assets/Models/Characters/Player/FallingToLanding.fbx
  artifactKey: Guid(80848de1bc2e9465dbb1124547f5ba3b) Importer(815301076,1909f56bfc062723c751e8b465ee728b)
Start importing Assets/Models/Characters/Player/FallingToLanding.fbx using Guid(80848de1bc2e9465dbb1124547f5ba3b) Importer(815301076,1909f56bfc062723c751e8b465ee728b)  -> (artifact id: '87c76ced96c8e81b6f29f577a0c920bf') in 0.055058 seconds 
========================================================================
Received Import Request.
  Time since last request: 65.575654 seconds.
  path: Assets/Models/Characters/Player/Jumping.fbx
  artifactKey: Guid(96b058a30011446fa85172befc2c2d41) Importer(815301076,1909f56bfc062723c751e8b465ee728b)
Start importing Assets/Models/Characters/Player/Jumping.fbx using Guid(96b058a30011446fa85172befc2c2d41) Importer(815301076,1909f56bfc062723c751e8b465ee728b)  -> (artifact id: '3d6b136a6f077850b6b614d8e55f1261') in 0.055343 seconds 
========================================================================
Received Import Request.
  Time since last request: 92.309685 seconds.
  path: Assets/Models/Characters/Player/mixamo.com 7.anim
  artifactKey: Guid(0a91186256b374fdf90498b41e134f8a) Importer(815301076,1909f56bfc062723c751e8b465ee728b)
Start importing Assets/Models/Characters/Player/mixamo.com 7.anim using Guid(0a91186256b374fdf90498b41e134f8a) Importer(815301076,1909f56bfc062723c751e8b465ee728b)  -> (artifact id: '051ba9afa8b42258724c102cb5203435') in 0.056094 seconds 
========================================================================
Received Import Request.
  Time since last request: 37.860716 seconds.
  path: Assets/Animations
  artifactKey: Guid(c5ce6dcc57e7f4e249cb44e9728dd5fc) Importer(815301076,1909f56bfc062723c751e8b465ee728b)
Start importing Assets/Animations using Guid(c5ce6dcc57e7f4e249cb44e9728dd5fc) Importer(815301076,1909f56bfc062723c751e8b465ee728b)  -> (artifact id: '85a989158237663aa82509f4571303bd') in 0.000665 seconds 
========================================================================
Received Import Request.
  Time since last request: 5.683366 seconds.
  path: Assets/Animations/Characters
  artifactKey: Guid(6bb418f144cd04946874cead6a0f6978) Importer(815301076,1909f56bfc062723c751e8b465ee728b)
Start importing Assets/Animations/Characters using Guid(6bb418f144cd04946874cead6a0f6978) Importer(815301076,1909f56bfc062723c751e8b465ee728b)  -> (artifact id: '166b8b520b660cfd57c398703bd6e76e') in 0.000660 seconds 
========================================================================
Received Import Request.
  Time since last request: 7.394794 seconds.
  path: Assets/Animations/Characters/Player
  artifactKey: Guid(e8decc24a57d4443195751d43a0558b3) Importer(815301076,1909f56bfc062723c751e8b465ee728b)
Start importing Assets/Animations/Characters/Player using Guid(e8decc24a57d4443195751d43a0558b3) Importer(815301076,1909f56bfc062723c751e8b465ee728b)  -> (artifact id: 'e7816d168038346b1950dfb145ff1d12') in 0.000882 seconds 
========================================================================
Received Import Request.
  Time since last request: 6.257939 seconds.
  path: Assets/Animations/Characters/Player/Clip
  artifactKey: Guid(40fb9aac0af7e4697940db3cbb94993d) Importer(815301076,1909f56bfc062723c751e8b465ee728b)
Start importing Assets/Animations/Characters/Player/Clip using Guid(40fb9aac0af7e4697940db3cbb94993d) Importer(815301076,1909f56bfc062723c751e8b465ee728b)  -> (artifact id: 'b4e623ce5b92411b4e97c6d34edbb188') in 0.000806 seconds 
========================================================================
Received Import Request.
  Time since last request: 5.303404 seconds.
  path: Assets/Animations/Characters/Player/Clip/States
  artifactKey: Guid(2b903bdc1b6b14d1298a8e903c4a5540) Importer(815301076,1909f56bfc062723c751e8b465ee728b)
Start importing Assets/Animations/Characters/Player/Clip/States using Guid(2b903bdc1b6b14d1298a8e903c4a5540) Importer(815301076,1909f56bfc062723c751e8b465ee728b)  -> (artifact id: 'ca9c3444db92154b61e79cd5db397511') in 0.000691 seconds 
========================================================================
Received Import Request.
  Time since last request: 9.280787 seconds.
  path: Assets/Models/Characters/Player/mixamo.com 1.anim
  artifactKey: Guid(2136f06dfc2b5471682c6945757c80c0) Importer(815301076,1909f56bfc062723c751e8b465ee728b)
Start importing Assets/Models/Characters/Player/mixamo.com 1.anim using Guid(2136f06dfc2b5471682c6945757c80c0) Importer(815301076,1909f56bfc062723c751e8b465ee728b)  -> (artifact id: '9e783ec668d51a1df79b44304f833794') in 0.006630 seconds 
========================================================================
Received Import Request.
  Time since last request: 17.374049 seconds.
  path: Assets/Animations/Characters/Player/Clip/States/Moving
  artifactKey: Guid(086b96d1b4ab44980972f620b2e0aa88) Importer(815301076,1909f56bfc062723c751e8b465ee728b)
Start importing Assets/Animations/Characters/Player/Clip/States/Moving using Guid(086b96d1b4ab44980972f620b2e0aa88) Importer(815301076,1909f56bfc062723c751e8b465ee728b)  -> (artifact id: '0542d48f92e65e38ebb077224fab128a') in 0.000725 seconds 
========================================================================
Received Import Request.
  Time since last request: 177.855205 seconds.
  path: Assets/Animations/Characters
  artifactKey: Guid(4b856a6adcec6214588cb549d18579f2) Importer(815301076,1909f56bfc062723c751e8b465ee728b)
Start importing Assets/Animations/Characters using Guid(4b856a6adcec6214588cb549d18579f2) Importer(815301076,1909f56bfc062723c751e8b465ee728b)  -> (artifact id: '76366fb3daf908eb037b619fce12f430') in 0.001494 seconds 
========================================================================
Received Import Request.
  Time since last request: 1.644744 seconds.
  path: Assets/Animations/Characters/Player
  artifactKey: Guid(3818e17c900cd51499c8562bf3654693) Importer(815301076,1909f56bfc062723c751e8b465ee728b)
Start importing Assets/Animations/Characters/Player using Guid(3818e17c900cd51499c8562bf3654693) Importer(815301076,1909f56bfc062723c751e8b465ee728b)  -> (artifact id: '0323d1a7d19c2a64e9fe4c53d71f4445') in 0.001404 seconds 
========================================================================
Received Prepare
Registering precompiled user dll's ...
Registered in 0.001759 seconds.
Begin MonoManager ReloadAssembly
Symbol file LoadedFromMemory doesn't match image /Users/jyk/Development/repo/unity/genshin-movement-system/Library/PackageCache/com.unity.visualscripting@1.7.8/Editor/VisualScripting.Core/Dependencies/YamlDotNet/Unity.VisualScripting.YamlDotNet.dll
Symbol file LoadedFromMemory doesn't match image /Users/jyk/Development/repo/unity/genshin-movement-system/Library/PackageCache/com.unity.visualscripting@1.7.8/Editor/VisualScripting.Core/Dependencies/DotNetZip/Unity.VisualScripting.IonicZip.dll
Native extension for WindowsStandalone target not found
Native extension for iOS target not found
Native extension for Android target not found
Native extension for OSXStandalone target not found
Native extension for WebGL target not found
Refreshing native plugins compatible for Editor in 0.72 ms, found 2 plugins.
Preloading 0 native plugins for Editor in 0.00 ms.
Mono: successfully reloaded assembly
- Completed reload, in  2.542 seconds
Domain Reload Profiling:
	ReloadAssembly (2544ms)
		BeginReloadAssembly (259ms)
			ExecutionOrderSort (0ms)
			DisableScriptedObjects (34ms)
			BackupInstance (0ms)
			ReleaseScriptingObjects (0ms)
			CreateAndSetChildDomain (65ms)
		EndReloadAssembly (2063ms)
			LoadAssemblies (111ms)
			RebuildTransferFunctionScriptingTraits (0ms)
			SetupTypeCache (355ms)
			ReleaseScriptCaches (1ms)
			RebuildScriptCaches (52ms)
			SetupLoadedEditorAssemblies (1363ms)
				LogAssemblyErrors (0ms)
				InitializePlatformSupportModulesInManaged (118ms)
				SetLoadedEditorAssemblies (2ms)
				RefreshPlugins (1ms)
				BeforeProcessingInitializeOnLoad (102ms)
				ProcessInitializeOnLoadAttributes (1039ms)
				ProcessInitializeOnLoadMethodAttributes (100ms)
				AfterProcessingInitializeOnLoad (1ms)
				EditorAssembliesLoaded (0ms)
			ExecutionOrderSort2 (0ms)
			AwakeInstancesAfterBackupRestoration (9ms)
Platform modules already initialized, skipping
Refreshing native plugins compatible for Editor in 1.04 ms, found 2 plugins.
Preloading 0 native plugins for Editor in 0.00 ms.
Unloading 3930 Unused Serialized files (Serialized files now loaded: 0)
Unloading 22 unused Assets / (143.6 KB). Loaded Objects now: 4454.
Memory consumption went from 287.6 MB to 287.4 MB.
Total: 2.658333 ms (FindLiveObjects: 0.188458 ms CreateObjectMapping: 0.090375 ms MarkObjects: 2.300958 ms  DeleteObjects: 0.077625 ms)

AssetImportParameters requested are different than current active one (requested -> active):
  custom:video-decoder-ogg-theora: a1e56fd34408186e4bbccfd4996cb3dc -> 
  custom:container-muxer-webm: aa71ff27fc2769a1b78a27578f13a17b -> 
  custom:container-demuxer-webm: 4f35f7cbe854078d1ac9338744f61a02 -> 
  custom:video-encoder-webm-vp8: eb34c28f22e8b96e1ab97ce403110664 -> 
  custom:framework-osx-AVFoundation: e770b220cccbd017edd2c1fefb359320 -> 
  custom:audio-encoder-webm-vorbis: bf7c407c2cedff20999df2af8eb42d56 -> 
  custom:container-demuxer-ogg: 62fdf1f143b41e24485cea50d1cbac27 -> 
  custom:video-decoder-webm-vp8: 9c59270c3fd7afecdb556c50c9e8de78 -> 
  custom:audio-decoder-ogg-vorbis: bf7c407c2cedff20999df2af8eb42d56 -> 
========================================================================
Received Import Request.
  Time since last request: 46.776114 seconds.
  path: Assets/Scenes/MainScene.unity
  artifactKey: Guid(e2ea88c09188b4747b612aac6f59f9d7) Importer(815301076,1909f56bfc062723c751e8b465ee728b)
Start importing Assets/Scenes/MainScene.unity using Guid(e2ea88c09188b4747b612aac6f59f9d7) Importer(815301076,1909f56bfc062723c751e8b465ee728b)  -> (artifact id: '5f4efd201237b25742da8fecbf8213da') in 0.009355 seconds 
========================================================================
Received Prepare
Registering precompiled user dll's ...
Registered in 0.001808 seconds.
Begin MonoManager ReloadAssembly
Symbol file LoadedFromMemory doesn't match image /Users/jyk/Development/repo/unity/genshin-movement-system/Library/PackageCache/com.unity.visualscripting@1.7.8/Editor/VisualScripting.Core/Dependencies/YamlDotNet/Unity.VisualScripting.YamlDotNet.dll
Symbol file LoadedFromMemory doesn't match image /Users/jyk/Development/repo/unity/genshin-movement-system/Library/PackageCache/com.unity.visualscripting@1.7.8/Editor/VisualScripting.Core/Dependencies/DotNetZip/Unity.VisualScripting.IonicZip.dll
Native extension for WindowsStandalone target not found
Native extension for iOS target not found
Native extension for Android target not found
Native extension for OSXStandalone target not found
Native extension for WebGL target not found
Refreshing native plugins compatible for Editor in 0.73 ms, found 2 plugins.
Preloading 0 native plugins for Editor in 0.00 ms.
Mono: successfully reloaded assembly
- Completed reload, in  2.434 seconds
Domain Reload Profiling:
	ReloadAssembly (2435ms)
		BeginReloadAssembly (247ms)
			ExecutionOrderSort (0ms)
			DisableScriptedObjects (31ms)
			BackupInstance (0ms)
			ReleaseScriptingObjects (0ms)
			CreateAndSetChildDomain (63ms)
		EndReloadAssembly (1966ms)
			LoadAssemblies (107ms)
			RebuildTransferFunctionScriptingTraits (1ms)
			SetupTypeCache (353ms)
			ReleaseScriptCaches (1ms)
			RebuildScriptCaches (50ms)
			SetupLoadedEditorAssemblies (1275ms)
				LogAssemblyErrors (0ms)
				InitializePlatformSupportModulesInManaged (94ms)
				SetLoadedEditorAssemblies (2ms)
				RefreshPlugins (1ms)
				BeforeProcessingInitializeOnLoad (103ms)
				ProcessInitializeOnLoadAttributes (973ms)
				ProcessInitializeOnLoadMethodAttributes (101ms)
				AfterProcessingInitializeOnLoad (1ms)
				EditorAssembliesLoaded (0ms)
			ExecutionOrderSort2 (0ms)
			AwakeInstancesAfterBackupRestoration (10ms)
Platform modules already initialized, skipping
Refreshing native plugins compatible for Editor in 1.42 ms, found 2 plugins.
Preloading 0 native plugins for Editor in 0.00 ms.
Unloading 3930 Unused Serialized files (Serialized files now loaded: 0)
Unloading 22 unused Assets / (143.6 KB). Loaded Objects now: 4469.
Memory consumption went from 287.8 MB to 287.7 MB.
Total: 3.392125 ms (FindLiveObjects: 0.296625 ms CreateObjectMapping: 0.158625 ms MarkObjects: 2.814125 ms  DeleteObjects: 0.121625 ms)

AssetImportParameters requested are different than current active one (requested -> active):
  custom:video-decoder-ogg-theora: a1e56fd34408186e4bbccfd4996cb3dc -> 
  custom:container-muxer-webm: aa71ff27fc2769a1b78a27578f13a17b -> 
  custom:container-demuxer-webm: 4f35f7cbe854078d1ac9338744f61a02 -> 
  custom:video-encoder-webm-vp8: eb34c28f22e8b96e1ab97ce403110664 -> 
  custom:framework-osx-AVFoundation: e770b220cccbd017edd2c1fefb359320 -> 
  custom:audio-encoder-webm-vorbis: bf7c407c2cedff20999df2af8eb42d56 -> 
  custom:container-demuxer-ogg: 62fdf1f143b41e24485cea50d1cbac27 -> 
  custom:video-decoder-webm-vp8: 9c59270c3fd7afecdb556c50c9e8de78 -> 
  custom:audio-decoder-ogg-vorbis: bf7c407c2cedff20999df2af8eb42d56 -> 
========================================================================
Received Import Request.
  Time since last request: 46.366839 seconds.
  path: Assets/Scenes/SampleScene.unity
  artifactKey: Guid(9fc0d4010bbf28b4594072e72b8655ab) Importer(815301076,1909f56bfc062723c751e8b465ee728b)
Start importing Assets/Scenes/SampleScene.unity using Guid(9fc0d4010bbf28b4594072e72b8655ab) Importer(815301076,1909f56bfc062723c751e8b465ee728b)  -> (artifact id: '114f1bccce41867f34bda9441454ae0a') in 0.010186 seconds 
========================================================================
Received Import Request.
  Time since last request: 4.160956 seconds.
  path: Assets/ProBuilder Data/Default Material Palette.asset
  artifactKey: Guid(d8212f4fc990c5349a31ebfcfeec245e) Importer(815301076,1909f56bfc062723c751e8b465ee728b)
Start importing Assets/ProBuilder Data/Default Material Palette.asset using Guid(d8212f4fc990c5349a31ebfcfeec245e) Importer(815301076,1909f56bfc062723c751e8b465ee728b)  -> (artifact id: '4fc62308679fa6d35a2da1c385ab8275') in 0.061962 seconds 
========================================================================
Received Import Request.
  Time since last request: 93.672893 seconds.
  path: Assets/Animations/Characters/Player/Controllers
  artifactKey: Guid(2e4b267a93e58b344b63b303272ec45c) Importer(815301076,1909f56bfc062723c751e8b465ee728b)
Start importing Assets/Animations/Characters/Player/Controllers using Guid(2e4b267a93e58b344b63b303272ec45c) Importer(815301076,1909f56bfc062723c751e8b465ee728b)  -> (artifact id: '258974c741683f1fa26e86302ff9deb3') in 0.001477 seconds 
========================================================================
Received Import Request.
  Time since last request: 3.945579 seconds.
  path: Assets/Animations/Characters/Player/Clips
  artifactKey: Guid(4e22eada4eb1dfb4bb0a79bb4a2df8c8) Importer(815301076,1909f56bfc062723c751e8b465ee728b)
Start importing Assets/Animations/Characters/Player/Clips using Guid(4e22eada4eb1dfb4bb0a79bb4a2df8c8) Importer(815301076,1909f56bfc062723c751e8b465ee728b)  -> (artifact id: 'd89984a67dafa70f0212efffb9094bd3') in 0.002039 seconds 
========================================================================
Received Import Request.
  Time since last request: 3.561558 seconds.
  path: Assets/Animations/Characters/Player/Clips/States
  artifactKey: Guid(cdddb9c8715fb4841b5dbe4a212adf4b) Importer(815301076,1909f56bfc062723c751e8b465ee728b)
Start importing Assets/Animations/Characters/Player/Clips/States using Guid(cdddb9c8715fb4841b5dbe4a212adf4b) Importer(815301076,1909f56bfc062723c751e8b465ee728b)  -> (artifact id: '9e7b70a69263b811051887de5cdb414f') in 0.001353 seconds 
========================================================================
Received Import Request.
  Time since last request: 2.124579 seconds.
  path: Assets/Animations/Characters/Player/Clips/States/Grounded
  artifactKey: Guid(afec7b836a317f6429b52a3751c417c9) Importer(815301076,1909f56bfc062723c751e8b465ee728b)
Start importing Assets/Animations/Characters/Player/Clips/States/Grounded using Guid(afec7b836a317f6429b52a3751c417c9) Importer(815301076,1909f56bfc062723c751e8b465ee728b)  -> (artifact id: '90b10cdb10c61e7b83b7437aa8e6bca0') in 0.001785 seconds 
========================================================================
Received Import Request.
  Time since last request: 1.462933 seconds.
  path: Assets/Animations/Characters/Player/Clips/States/Grounded/Dash.anim
  artifactKey: Guid(776ac443bbea83d44b388504a8266c2f) Importer(815301076,1909f56bfc062723c751e8b465ee728b)
Start importing Assets/Animations/Characters/Player/Clips/States/Grounded/Dash.anim using Guid(776ac443bbea83d44b388504a8266c2f) Importer(815301076,1909f56bfc062723c751e8b465ee728b)  -> (artifact id: 'c76a90dfe6a2a00bc1ee897e6c3e7138') in 0.027616 seconds 
========================================================================
Received Import Request.
  Time since last request: 500.059381 seconds.
  path: Assets/Materials/Environment
  artifactKey: Guid(7da9c46b2c6db3b47b60501e429553f4) Importer(815301076,1909f56bfc062723c751e8b465ee728b)
Start importing Assets/Materials/Environment using Guid(7da9c46b2c6db3b47b60501e429553f4) Importer(815301076,1909f56bfc062723c751e8b465ee728b)  -> (artifact id: 'fe17e65d002c2bcc0cc241a191ae70bc') in 0.001513 seconds 
========================================================================
Received Import Request.
  Time since last request: 0.066002 seconds.
  path: Assets/Materials/Environment/Water.mat
  artifactKey: Guid(1270cb8fd2fa68c468e3213d803e6730) Importer(815301076,1909f56bfc062723c751e8b465ee728b)
Start importing Assets/Materials/Environment/Water.mat using Guid(1270cb8fd2fa68c468e3213d803e6730) Importer(815301076,1909f56bfc062723c751e8b465ee728b)  -> (artifact id: 'e5f2d24cb47b9dcce2ef52c439b5f4bc') in 0.497490 seconds 
========================================================================
Received Import Request.
  Time since last request: 1.287076 seconds.
  path: Assets/Materials/Physics/PlayerPhysicsMaterial.physicMaterial
  artifactKey: Guid(327f0934d87b9be4199a3ffbac36bdb3) Importer(815301076,1909f56bfc062723c751e8b465ee728b)
Start importing Assets/Materials/Physics/PlayerPhysicsMaterial.physicMaterial using Guid(327f0934d87b9be4199a3ffbac36bdb3) Importer(815301076,1909f56bfc062723c751e8b465ee728b)  -> (artifact id: '5edf33f9736f6cdd58acecb5d7d2c379') in 0.068021 seconds 
========================================================================
Received Import Request.
  Time since last request: 0.645457 seconds.
  path: Assets/Materials/kenney_prototypetextures/Preview.png
  artifactKey: Guid(0456bc3221387be4b942abe69a40f9d3) Importer(815301076,1909f56bfc062723c751e8b465ee728b)
Start importing Assets/Materials/kenney_prototypetextures/Preview.png using Guid(0456bc3221387be4b942abe69a40f9d3) Importer(815301076,1909f56bfc062723c751e8b465ee728b)  -> (artifact id: '462695b3e177df20f6c9081531b1de0e') in 0.376392 seconds 
========================================================================
Received Import Request.
  Time since last request: 24.645090 seconds.
  path: Assets/Models/Characters
  artifactKey: Guid(2ffe3e994083058438ed2d8e2ab74a12) Importer(815301076,1909f56bfc062723c751e8b465ee728b)
Start importing Assets/Models/Characters using Guid(2ffe3e994083058438ed2d8e2ab74a12) Importer(815301076,1909f56bfc062723c751e8b465ee728b)  -> (artifact id: '4420864b6fd26169558e5b6f1bd278be') in 0.001119 seconds 
========================================================================
Received Import Request.
  Time since last request: 0.575288 seconds.
  path: Assets/Models/Characters/Player
  artifactKey: Guid(2957dc0923e7adf42b93272f348beff7) Importer(815301076,1909f56bfc062723c751e8b465ee728b)
Start importing Assets/Models/Characters/Player using Guid(2957dc0923e7adf42b93272f348beff7) Importer(815301076,1909f56bfc062723c751e8b465ee728b)  -> (artifact id: 'b332abb7fd6ee30b805408f16a27dff0') in 0.001014 seconds 
========================================================================
Received Import Request.
  Time since last request: 29.016558 seconds.
  path: Assets/Models/Characters/Player/CharacterModel.fbx
  artifactKey: Guid(bf2992edcb22ba04396f1e0c8de62385) Importer(815301076,1909f56bfc062723c751e8b465ee728b)
Start importing Assets/Models/Characters/Player/CharacterModel.fbx using Guid(bf2992edcb22ba04396f1e0c8de62385) Importer(815301076,1909f56bfc062723c751e8b465ee728b)  -> (artifact id: 'c063c2be0892ff1aada3ec61e52a5e94') in 0.108111 seconds 
========================================================================
Received Prepare
Registering precompiled user dll's ...
Registered in 0.001992 seconds.
Begin MonoManager ReloadAssembly
Symbol file LoadedFromMemory doesn't match image /Users/jyk/Development/repo/unity/genshin-movement-system/Library/PackageCache/com.unity.visualscripting@1.7.8/Editor/VisualScripting.Core/Dependencies/YamlDotNet/Unity.VisualScripting.YamlDotNet.dll
Symbol file LoadedFromMemory doesn't match image /Users/jyk/Development/repo/unity/genshin-movement-system/Library/PackageCache/com.unity.visualscripting@1.7.8/Editor/VisualScripting.Core/Dependencies/DotNetZip/Unity.VisualScripting.IonicZip.dll
Native extension for WindowsStandalone target not found
Native extension for iOS target not found
Native extension for Android target not found
Native extension for OSXStandalone target not found
Native extension for WebGL target not found
Refreshing native plugins compatible for Editor in 0.67 ms, found 2 plugins.
Preloading 0 native plugins for Editor in 0.00 ms.
Mono: successfully reloaded assembly
- Completed reload, in  2.569 seconds
Domain Reload Profiling:
	ReloadAssembly (2571ms)
		BeginReloadAssembly (250ms)
			ExecutionOrderSort (0ms)
			DisableScriptedObjects (29ms)
			BackupInstance (0ms)
			ReleaseScriptingObjects (0ms)
			CreateAndSetChildDomain (65ms)
		EndReloadAssembly (2100ms)
			LoadAssemblies (110ms)
			RebuildTransferFunctionScriptingTraits (0ms)
			SetupTypeCache (350ms)
			ReleaseScriptCaches (1ms)
			RebuildScriptCaches (52ms)
			SetupLoadedEditorAssemblies (1388ms)
				LogAssemblyErrors (0ms)
				InitializePlatformSupportModulesInManaged (92ms)
				SetLoadedEditorAssemblies (2ms)
				RefreshPlugins (1ms)
				BeforeProcessingInitializeOnLoad (126ms)
				ProcessInitializeOnLoadAttributes (1046ms)
				ProcessInitializeOnLoadMethodAttributes (120ms)
				AfterProcessingInitializeOnLoad (1ms)
				EditorAssembliesLoaded (0ms)
			ExecutionOrderSort2 (0ms)
			AwakeInstancesAfterBackupRestoration (13ms)
Platform modules already initialized, skipping
Refreshing native plugins compatible for Editor in 1.30 ms, found 2 plugins.
Preloading 0 native plugins for Editor in 0.00 ms.
Unloading 3930 Unused Serialized files (Serialized files now loaded: 0)
Unloading 22 unused Assets / (143.5 KB). Loaded Objects now: 4486.
Memory consumption went from 304.9 MB to 304.7 MB.
Total: 3.058083 ms (FindLiveObjects: 0.233625 ms CreateObjectMapping: 0.088292 ms MarkObjects: 2.615333 ms  DeleteObjects: 0.119458 ms)

AssetImportParameters requested are different than current active one (requested -> active):
  custom:video-decoder-ogg-theora: a1e56fd34408186e4bbccfd4996cb3dc -> 
  custom:container-muxer-webm: aa71ff27fc2769a1b78a27578f13a17b -> 
  custom:container-demuxer-webm: 4f35f7cbe854078d1ac9338744f61a02 -> 
  custom:video-encoder-webm-vp8: eb34c28f22e8b96e1ab97ce403110664 -> 
  custom:framework-osx-AVFoundation: e770b220cccbd017edd2c1fefb359320 -> 
  custom:audio-encoder-webm-vorbis: bf7c407c2cedff20999df2af8eb42d56 -> 
  custom:container-demuxer-ogg: 62fdf1f143b41e24485cea50d1cbac27 -> 
  custom:video-decoder-webm-vp8: 9c59270c3fd7afecdb556c50c9e8de78 -> 
  custom:audio-decoder-ogg-vorbis: bf7c407c2cedff20999df2af8eb42d56 -> 
========================================================================
Received Prepare
Registering precompiled user dll's ...
Registered in 0.001714 seconds.
Begin MonoManager ReloadAssembly
Symbol file LoadedFromMemory doesn't match image /Users/jyk/Development/repo/unity/genshin-movement-system/Library/PackageCache/com.unity.visualscripting@1.7.8/Editor/VisualScripting.Core/Dependencies/YamlDotNet/Unity.VisualScripting.YamlDotNet.dll
Symbol file LoadedFromMemory doesn't match image /Users/jyk/Development/repo/unity/genshin-movement-system/Library/PackageCache/com.unity.visualscripting@1.7.8/Editor/VisualScripting.Core/Dependencies/DotNetZip/Unity.VisualScripting.IonicZip.dll
Native extension for WindowsStandalone target not found
Native extension for iOS target not found
Native extension for Android target not found
Native extension for OSXStandalone target not found
Native extension for WebGL target not found
Refreshing native plugins compatible for Editor in 0.68 ms, found 2 plugins.
Preloading 0 native plugins for Editor in 0.00 ms.
Mono: successfully reloaded assembly
- Completed reload, in  2.522 seconds
Domain Reload Profiling:
	ReloadAssembly (2523ms)
		BeginReloadAssembly (250ms)
			ExecutionOrderSort (0ms)
			DisableScriptedObjects (31ms)
			BackupInstance (0ms)
			ReleaseScriptingObjects (0ms)
			CreateAndSetChildDomain (64ms)
		EndReloadAssembly (2046ms)
			LoadAssemblies (108ms)
			RebuildTransferFunctionScriptingTraits (0ms)
			SetupTypeCache (353ms)
			ReleaseScriptCaches (1ms)
			RebuildScriptCaches (51ms)
			SetupLoadedEditorAssemblies (1337ms)
				LogAssemblyErrors (0ms)
				InitializePlatformSupportModulesInManaged (98ms)
				SetLoadedEditorAssemblies (2ms)
				RefreshPlugins (1ms)
				BeforeProcessingInitializeOnLoad (106ms)
				ProcessInitializeOnLoadAttributes (1018ms)
				ProcessInitializeOnLoadMethodAttributes (111ms)
				AfterProcessingInitializeOnLoad (1ms)
				EditorAssembliesLoaded (0ms)
			ExecutionOrderSort2 (0ms)
			AwakeInstancesAfterBackupRestoration (19ms)
Platform modules already initialized, skipping
Refreshing native plugins compatible for Editor in 1.14 ms, found 2 plugins.
Preloading 0 native plugins for Editor in 0.00 ms.
Unloading 3930 Unused Serialized files (Serialized files now loaded: 0)
Unloading 22 unused Assets / (143.6 KB). Loaded Objects now: 4501.
Memory consumption went from 305.1 MB to 305.0 MB.
Total: 2.907208 ms (FindLiveObjects: 0.209625 ms CreateObjectMapping: 0.097959 ms MarkObjects: 2.502625 ms  DeleteObjects: 0.095959 ms)

AssetImportParameters requested are different than current active one (requested -> active):
  custom:video-decoder-ogg-theora: a1e56fd34408186e4bbccfd4996cb3dc -> 
  custom:container-muxer-webm: aa71ff27fc2769a1b78a27578f13a17b -> 
  custom:container-demuxer-webm: 4f35f7cbe854078d1ac9338744f61a02 -> 
  custom:video-encoder-webm-vp8: eb34c28f22e8b96e1ab97ce403110664 -> 
  custom:framework-osx-AVFoundation: e770b220cccbd017edd2c1fefb359320 -> 
  custom:audio-encoder-webm-vorbis: bf7c407c2cedff20999df2af8eb42d56 -> 
  custom:container-demuxer-ogg: 62fdf1f143b41e24485cea50d1cbac27 -> 
  custom:video-decoder-webm-vp8: 9c59270c3fd7afecdb556c50c9e8de78 -> 
  custom:audio-decoder-ogg-vorbis: bf7c407c2cedff20999df2af8eb42d56 -> 
========================================================================
Received Prepare
Registering precompiled user dll's ...
Registered in 0.002795 seconds.
Begin MonoManager ReloadAssembly
Symbol file LoadedFromMemory doesn't match image /Users/jyk/Development/repo/unity/genshin-movement-system/Library/PackageCache/com.unity.visualscripting@1.7.8/Editor/VisualScripting.Core/Dependencies/YamlDotNet/Unity.VisualScripting.YamlDotNet.dll
Symbol file LoadedFromMemory doesn't match image /Users/jyk/Development/repo/unity/genshin-movement-system/Library/PackageCache/com.unity.visualscripting@1.7.8/Editor/VisualScripting.Core/Dependencies/DotNetZip/Unity.VisualScripting.IonicZip.dll
Native extension for WindowsStandalone target not found
Native extension for iOS target not found
Native extension for Android target not found
Native extension for OSXStandalone target not found
Native extension for WebGL target not found
Refreshing native plugins compatible for Editor in 0.83 ms, found 2 plugins.
Preloading 0 native plugins for Editor in 0.00 ms.
Mono: successfully reloaded assembly
- Completed reload, in  3.062 seconds
Domain Reload Profiling:
	ReloadAssembly (3065ms)
		BeginReloadAssembly (347ms)
			ExecutionOrderSort (0ms)
			DisableScriptedObjects (55ms)
			BackupInstance (0ms)
			ReleaseScriptingObjects (0ms)
			CreateAndSetChildDomain (75ms)
		EndReloadAssembly (2460ms)
			LoadAssemblies (128ms)
			RebuildTransferFunctionScriptingTraits (0ms)
			SetupTypeCache (399ms)
			ReleaseScriptCaches (1ms)
			RebuildScriptCaches (56ms)
			SetupLoadedEditorAssemblies (1647ms)
				LogAssemblyErrors (0ms)
				InitializePlatformSupportModulesInManaged (112ms)
				SetLoadedEditorAssemblies (1ms)
				RefreshPlugins (1ms)
				BeforeProcessingInitializeOnLoad (120ms)
				ProcessInitializeOnLoadAttributes (1291ms)
				ProcessInitializeOnLoadMethodAttributes (120ms)
				AfterProcessingInitializeOnLoad (1ms)
				EditorAssembliesLoaded (0ms)
			ExecutionOrderSort2 (0ms)
			AwakeInstancesAfterBackupRestoration (12ms)
Platform modules already initialized, skipping
Refreshing native plugins compatible for Editor in 1.32 ms, found 2 plugins.
Preloading 0 native plugins for Editor in 0.00 ms.
Unloading 4306 Unused Serialized files (Serialized files now loaded: 0)
Unloading 42 unused Assets / (2.3 MB). Loaded Objects now: 4873.
Memory consumption went from 323.4 MB to 321.1 MB.
Total: 4.056000 ms (FindLiveObjects: 0.225667 ms CreateObjectMapping: 0.100500 ms MarkObjects: 2.742958 ms  DeleteObjects: 0.985625 ms)

AssetImportParameters requested are different than current active one (requested -> active):
  custom:video-decoder-ogg-theora: a1e56fd34408186e4bbccfd4996cb3dc -> 
  custom:container-muxer-webm: aa71ff27fc2769a1b78a27578f13a17b -> 
  custom:container-demuxer-webm: 4f35f7cbe854078d1ac9338744f61a02 -> 
  custom:video-encoder-webm-vp8: eb34c28f22e8b96e1ab97ce403110664 -> 
  custom:framework-osx-AVFoundation: e770b220cccbd017edd2c1fefb359320 -> 
  custom:audio-encoder-webm-vorbis: bf7c407c2cedff20999df2af8eb42d56 -> 
  custom:container-demuxer-ogg: 62fdf1f143b41e24485cea50d1cbac27 -> 
  custom:video-decoder-webm-vp8: 9c59270c3fd7afecdb556c50c9e8de78 -> 
  custom:audio-decoder-ogg-vorbis: bf7c407c2cedff20999df2af8eb42d56 -> 
========================================================================
Received Import Request.
  Time since last request: 311.647260 seconds.
  path: Assets/Models/Characters/Player/Ch43_nonPBR.fbx
  artifactKey: Guid(ba0244532d969459c8253714a29aa1fe) Importer(815301076,1909f56bfc062723c751e8b465ee728b)
Start importing Assets/Models/Characters/Player/Ch43_nonPBR.fbx using Guid(ba0244532d969459c8253714a29aa1fe) Importer(815301076,1909f56bfc062723c751e8b465ee728b)  -> (artifact id: '16a61f765debb0694327867c85c00397') in 0.306525 seconds 
========================================================================
Received Import Request.
  Time since last request: 7.677220 seconds.
  path: Assets/Models/Characters/Player/Wresler.fbx
  artifactKey: Guid(ba0244532d969459c8253714a29aa1fe) Importer(815301076,1909f56bfc062723c751e8b465ee728b)
Start importing Assets/Models/Characters/Player/Wresler.fbx using Guid(ba0244532d969459c8253714a29aa1fe) Importer(815301076,1909f56bfc062723c751e8b465ee728b)  -> (artifact id: '6f0798731bc1a6572fd0019d118387c0') in 0.046727 seconds 
========================================================================
Received Import Request.
  Time since last request: 11.647397 seconds.
  path: Assets/Models/Characters/Player/Wrestler.fbx
  artifactKey: Guid(ba0244532d969459c8253714a29aa1fe) Importer(815301076,1909f56bfc062723c751e8b465ee728b)
Start importing Assets/Models/Characters/Player/Wrestler.fbx using Guid(ba0244532d969459c8253714a29aa1fe) Importer(815301076,1909f56bfc062723c751e8b465ee728b)  -> (artifact id: 'c3af7321763225e78d89fefe0c8d7f76') in 0.036681 seconds 
========================================================================
Received Import Request.
  Time since last request: 49.546006 seconds.
  path: Assets/Models/Characters/Player/CharacterModel.fbx
  artifactKey: Guid(ba0244532d969459c8253714a29aa1fe) Importer(815301076,1909f56bfc062723c751e8b465ee728b)
Start importing Assets/Models/Characters/Player/CharacterModel.fbx using Guid(ba0244532d969459c8253714a29aa1fe) Importer(815301076,1909f56bfc062723c751e8b465ee728b)  -> (artifact id: '80b1f599cd101f4aed3a8dec372cf545') in 0.044537 seconds 
========================================================================
Received Prepare
Registering precompiled user dll's ...
Registered in 0.001794 seconds.
Begin MonoManager ReloadAssembly
Symbol file LoadedFromMemory doesn't match image /Users/jyk/Development/repo/unity/genshin-movement-system/Library/PackageCache/com.unity.visualscripting@1.7.8/Editor/VisualScripting.Core/Dependencies/YamlDotNet/Unity.VisualScripting.YamlDotNet.dll
Symbol file LoadedFromMemory doesn't match image /Users/jyk/Development/repo/unity/genshin-movement-system/Library/PackageCache/com.unity.visualscripting@1.7.8/Editor/VisualScripting.Core/Dependencies/DotNetZip/Unity.VisualScripting.IonicZip.dll
Native extension for WindowsStandalone target not found
Native extension for iOS target not found
Native extension for Android target not found
Native extension for OSXStandalone target not found
Native extension for WebGL target not found
Refreshing native plugins compatible for Editor in 1.24 ms, found 2 plugins.
Preloading 0 native plugins for Editor in 0.00 ms.
Mono: successfully reloaded assembly
- Completed reload, in  2.847 seconds
Domain Reload Profiling:
	ReloadAssembly (2850ms)
		BeginReloadAssembly (282ms)
			ExecutionOrderSort (0ms)
			DisableScriptedObjects (38ms)
			BackupInstance (0ms)
			ReleaseScriptingObjects (0ms)
			CreateAndSetChildDomain (73ms)
		EndReloadAssembly (2317ms)
			LoadAssemblies (117ms)
			RebuildTransferFunctionScriptingTraits (0ms)
			SetupTypeCache (382ms)
			ReleaseScriptCaches (2ms)
			RebuildScriptCaches (58ms)
			SetupLoadedEditorAssemblies (1535ms)
				LogAssemblyErrors (0ms)
				InitializePlatformSupportModulesInManaged (108ms)
				SetLoadedEditorAssemblies (2ms)
				RefreshPlugins (1ms)
				BeforeProcessingInitializeOnLoad (115ms)
				ProcessInitializeOnLoadAttributes (1191ms)
				ProcessInitializeOnLoadMethodAttributes (116ms)
				AfterProcessingInitializeOnLoad (1ms)
				EditorAssembliesLoaded (0ms)
			ExecutionOrderSort2 (0ms)
			AwakeInstancesAfterBackupRestoration (11ms)
Platform modules already initialized, skipping
Refreshing native plugins compatible for Editor in 1.61 ms, found 2 plugins.
Preloading 0 native plugins for Editor in 0.00 ms.
Unloading 4305 Unused Serialized files (Serialized files now loaded: 0)
Unloading 42 unused Assets / (2.3 MB). Loaded Objects now: 4888.
Memory consumption went from 323.6 MB to 321.3 MB.
Total: 4.471917 ms (FindLiveObjects: 0.347500 ms CreateObjectMapping: 0.125125 ms MarkObjects: 3.042666 ms  DeleteObjects: 0.954417 ms)

AssetImportParameters requested are different than current active one (requested -> active):
  custom:video-decoder-ogg-theora: a1e56fd34408186e4bbccfd4996cb3dc -> 
  custom:container-muxer-webm: aa71ff27fc2769a1b78a27578f13a17b -> 
  custom:container-demuxer-webm: 4f35f7cbe854078d1ac9338744f61a02 -> 
  custom:video-encoder-webm-vp8: eb34c28f22e8b96e1ab97ce403110664 -> 
  custom:framework-osx-AVFoundation: e770b220cccbd017edd2c1fefb359320 -> 
  custom:audio-encoder-webm-vorbis: bf7c407c2cedff20999df2af8eb42d56 -> 
  custom:container-demuxer-ogg: 62fdf1f143b41e24485cea50d1cbac27 -> 
  custom:video-decoder-webm-vp8: 9c59270c3fd7afecdb556c50c9e8de78 -> 
  custom:audio-decoder-ogg-vorbis: bf7c407c2cedff20999df2af8eb42d56 -> 
AssetImportWorkerClient::OnTransportError - code=2 error=End of file
